<?xml version="1.0" encoding="UTF-8"?>
<testng-results ignored="0" total="1" passed="1" failed="0" skipped="0">
  <reporter-output>
  </reporter-output>
  <suite started-at="2024-02-09T15:17:12 IST" name="Suite" finished-at="2024-02-09T15:17:19 IST" duration-ms="6886">
    <groups>
    </groups>
    <test started-at="2024-02-09T15:17:12 IST" name="Test" finished-at="2024-02-09T15:17:19 IST" duration-ms="6886">
      <class name="google.cicddemo.googleautomation">
        <test-method signature="launch()[pri:0, instance:google.cicddemo.googleautomation@302552ec]" started-at="2024-02-09T15:17:12 IST" name="launch" finished-at="2024-02-09T15:17:19 IST" duration-ms="6848" status="PASS">
          <reporter-output>
          </reporter-output>
        </test-method> <!-- launch -->
      </class> <!-- google.cicddemo.googleautomation -->
    </test> <!-- Test -->
  </suite> <!-- Suite -->
</testng-results>
